-f hasan.ucak@e-imza.com.tr hasan.ucak@gmail.com ucak_hasan1@yahoo.com ucak_hasan@yahoo.com
-f hasan.ucak@e-imza.com.tr hasan.ucak@gmail.com ucak_hasan1@yahoo.com ucak_hasan@yahoo.com
-f hasan.ucak@e-imza.com.tr hasan.ucak@gmail.com
-f hasan.ucak@e-imza.com.tr hasan.ucak@gmail.com
-f hasan.ucak@e-imza.com.tr hasan.ucak@gmail.com
-f hasan.ucak@e-imza.com.tr hasan.ucak@gmail.com
-f hasan.ucak@localhost hasan.ucak@gmail.com
-f hasan.ucak@localhost hasan.ucak@gmail.com
-f hasan.ucak@localhost hasan.ucak@gmail.com
-f hasan.ucak@localhost hasan.ucak@e-imza.com.tr
-f hasan.ucak@localhost hasan.ucak@gmail.com
0
-f hasan.ucak@localhost hasan.ucak@gmail.com ucak_hasan@yahoo.com
0
-f hasan.ucak@localhost hasan.ucak@gmail.com ucak_hasan@yahoo.com
0
-f hasan.ucak@localhost hasan.ucak@gmail.com
-f hasan.ucak@localhost ucak_hasan@yahoo.com
-f hasan.ucak@localhost hasan.ucak@gmail.com
0
-f hasan.ucak@localhost ucak_hasan@yahoo.com
0
0
0
-f hasan.ucak@localhost hasan.ucak@gmail.com
-f hasan.ucak@localhost ucak_hasan@yahoo.com
0
0
-f hasan.ucak@localhost hasan.ucak@gmail.com
-f hasan.ucak@localhost ucak_hasan@yahoo.com
0
0
-f hasan.ucak@localhost hasan.ucak@gmail.com
-f hasan.ucak@localhost ucak_hasan@yahoo.com
-f hasan.ucak@localhost hasan.ucak@gmail.com
0
-f hasan.ucak@localhost ucak_hasan@yahoo.com
0
0
0
-f hasan.ucak@localhost hasan.ucak@gmail.com
-f hasan.ucak@localhost ucak_hasan@yahoo.com
0
0
-f hasan.ucak@localhost hasan.ucak@gmail.com
-f hasan.ucak@localhost ucak_hasan@yahoo.com
0
0
-f hasan.ucak@localhost hasan.ucak@gmail.com
-f hasan.ucak@localhost ucak_hasan@yahoo.com
0
0
-f hasan.ucak@localhost hasan.ucak@gmail.com
-f hasan.ucak@localhost ucak_hasan@yahoo.com
-f hasan.ucak@localhost hasan.ucak@gmail.com
0
-f hasan.ucak@localhost ucak_hasan@yahoo.com
-f hasan.ucak@localhost hasan.ucak@gmail.com
0
-f hasan.ucak@localhost ucak_hasan@yahoo.com
0
-f hasan.ucak@localhost hasan.ucak@gmail.com
-f hasan.ucak@localhost ucak_hasan@yahoo.com
0
0
0
0
0
-f hasan.ucak@localhost hasan.ucak@gmail.com
-f hasan.ucak@localhost ucak_hasan@yahoo.com
0
0
-f hasan.ucak@localhost hasan.ucak@gmail.com
-f hasan.ucak@localhost ucak_hasan@yahoo.com
0
0
-f hasan.ucak@localhost hasan.ucak@gmail.com
-f hasan.ucak@localhost ucak_hasan@yahoo.com
0
0
-f hasan.ucak@localhost hasan.ucak@gmail.com
-f hasan.ucak@localhost ucak_hasan@yahoo.com
0
0
-f hasan.ucak@localhost hasan.ucak@gmail.com
-f hasan.ucak@localhost ucak_hasan@yahoo.com
0
0
-f hasan.ucak@localhost hasan.ucak@gmail.com
-f hasan.ucak@localhost ucak_hasan@yahoo.com
0
0
-f hasan.ucak@localhost hasan.ucak@gmail.com
-f hasan.ucak@localhost ucak_hasan@yahoo.com
-f hasan.ucak@localhost hasan.ucak@gmail.com
0
-f hasan.ucak@localhost ucak_hasan@yahoo.com
0
0
0
-f hasan.ucak@localhost ucak_hasan@yahoo.com
0
-f hasan.ucak@localhost ucak_hasan@yahoo.com
-f hasan.ucak@localhost ucak_hasan@yahoo.com
0
0
-f hasan.ucak@localhost ucak_hasan@yahoo.com
0
-f hasan.ucak@localhost hasan.ucak@gmail.com
-f hasan.ucak@localhost ucak_hasan@yahoo.com
0
0
-f hasan.ucak@localhost hasan.ucak@gmail.com
-f hasan.ucak@localhost ucak_hasan@yahoo.com
0
0
-f hasan.ucak@localhost hasan.ucak@gmail.com
-f hasan.ucak@localhost ucak_hasan@yahoo.com
0
0
-f hasan.ucak@localhost hasan.ucak@gmail.com
-f hasan.ucak@localhost ucak_hasan@yahoo.com
0
0
-f hasan.ucak@localhost hasan.ucak@gmail.com
-f hasan.ucak@localhost ucak_hasan@yahoo.com
-f hasan.ucak@localhost hasan.ucak@gmail.com
0
-f hasan.ucak@localhost ucak_hasan@yahoo.com
0
0
0
-f hasan.ucak@localhost hasan.ucak@gmail.com
-f hasan.ucak@localhost ucak_hasan@yahoo.com
0
0
-f hasan.ucak@localhost hasan.ucak@gmail.com
-f hasan.ucak@localhost ucak_hasan@yahoo.com
-f hasan.ucak@localhost hasan.ucak@gmail.com
0
-f hasan.ucak@localhost ucak_hasan@yahoo.com
-f hasan.ucak@localhost hasan.ucak@gmail.com
0
-f hasan.ucak@localhost ucak_hasan@yahoo.com
0
0
0
0
-f hasan.ucak@localhost hasan.ucak@gmail.com
-f hasan.ucak@localhost ucak_hasan@yahoo.com
0
0
-f hasan.ucak@localhost hasan.ucak@gmail.com
-f hasan.ucak@localhost ucak_hasan@yahoo.com
0
0
-f hasan.ucak@localhost ucak_hasan@yahoo.com
0
-f hasan.ucak@localhost hasan.ucak@gmail.com
-f hasan.ucak@localhost ucak_hasan@yahoo.com
0
0
-f hasan.ucak@localhost hasan.ucak@gmail.com
-f hasan.ucak@localhost ucak_hasan@yahoo.com
0
0
-f hasan.ucak@localhost hasan.ucak@gmail.com
-f hasan.ucak@localhost ucak_hasan@yahoo.com
0
0
-f hasan.ucak@localhost hasan.ucak@gmail.com ucak_hasan@yahoo.com
0
-f hasan.ucak@localhost hasan.ucak@e-imza.com.tr hasan.ucak@gmail.com ucak_hasan@yahoo.com
0
-f hasan.ucak@localhost hasan.ucak@e-imza.com.tr hasan.ucak@gmail.com ucak_hasan@yahoo.com
0
-f hasan.ucak@localhost hasan.ucak@e-imza.com.tr
-f hasan.ucak@localhost hasan.ucak@gmail.com
-f hasan.ucak@localhost ucak_hasan@yahoo.com
0
0
0
-f hasan.ucak@localhost hasan.ucak@e-imza.com.tr hasan.ucak@gmail.com ucak_hasan@yahoo.com
0
-f hasan.ucak@hasanucak.com hasan.ucak@gmail.com ucak_hasan@yahoo.com
0
-f hasan.ucak@hasanucak.com hasan.ucak@gmail.com ucak_hasan@hotmail.com ucak_hasan@yahoo.com
0
-f hasan.ucak@hasanucak.com hasan.ucak@gmail.com ucak_hasan@hotmail.com ucak_hasan@yahoo.com
0
-f hasan.ucak@hasanucak.com hasan.ucak@gmail.com ucak_hasan@hotmail.com ucak_hasan@yahoo.com
0
-f hasan.ucak@hasanucak.com hasan.ucak@gmail.com ucak_hasan@hotmail.com ucak_hasan@yahoo.com
0
-f hasan.ucak@hasanucak.com ucak_hasan@hotmail.com ucak_hasan@yahoo.com
0
-f hasan.ucak@hasanucak.com ucak_hasan@hotmail.com ucak_hasan@yahoo.com
0
-f hasan.ucak@e-imza.com.tr ucak_hasan@hotmail.com ucak_hasan@yahoo.com
0
-f hasan.ucak@e-imza.com.tr ucak_hasan@hotmail.com ucak_hasan@yahoo.com
0
-f hasan.ucak@e-imza.com.tr ucak_hasan@hotmail.com ucak_hasan@yahoo.com
0
-f hasan.ucak@e-imza.com.tr ucak_hasan@hotmail.com ucak_hasan@yahoo.com
0
-f hasan.ucak@e-imza.com.tr ucak_hasan@hotmail.com
-f hasan.ucak@e-imza.com.tr ucak_hasan@yahoo.com
0
0
-f hasan.ucak@e-imza.com.tr ucak_hasan@hotmail.com
-f hasan.ucak@e-imza.com.tr ucak_hasan@yahoo.com
0
0
-f hasan.ucak@e-imza.com.tr ucak_hasan@hotmail.com ucak_hasan@yahoo.com
0
